<?xml version="1.0" encoding="UTF-8"?>
<!-- Generated by org.testng.reporters.JUnitReportReporter -->
<testsuite skipped="0" hostname="LAPTOP-IAQHS7UT" name="com.WebstaurantStore.Tests.SearchResultTest" tests="2" failures="0" timestamp="11 Jul 2023 04:21:45 GMT" time="46.518" errors="0">
  <testcase name="verifySearchAndProductTitle" time="43.157" classname="com.WebstaurantStore.Tests.SearchResultTest"/>
  <testcase name="verifyProductAddedToCart" time="3.361" classname="com.WebstaurantStore.Tests.SearchResultTest"/>
</testsuite> <!-- com.WebstaurantStore.Tests.SearchResultTest -->
