<?xml version="1.0" encoding="UTF-8"?>
<!-- Generated by org.testng.reporters.JUnitReportReporter -->
<testsuite skipped="0" hostname="LAPTOP-IAQHS7UT" name="com.WebstaurantStore.Tests.HomePageTest" tests="1" failures="0" timestamp="11 Jul 2023 04:21:45 GMT" time="4.718" errors="0">
  <testcase name="verifyHomePageAndSearchProduct" time="4.718" classname="com.WebstaurantStore.Tests.HomePageTest"/>
</testsuite> <!-- com.WebstaurantStore.Tests.HomePageTest -->
