<?xml version="1.0" encoding="UTF-8"?>
<!-- Generated by org.testng.reporters.JUnitReportReporter -->
<testsuite skipped="0" hostname="LAPTOP-IAQHS7UT" name="com.WebstaurantStore.Tests.CartFuntionalityTest" tests="1" failures="0" timestamp="09 Jul 2023 17:29:25 GMT" time="6.873" errors="0">
  <testcase name="verifyCartFunctionality" time="6.873" classname="com.WebstaurantStore.Tests.CartFuntionalityTest"/>
</testsuite> <!-- com.WebstaurantStore.Tests.CartFuntionalityTest -->
