<?xml version="1.0" encoding="UTF-8"?>
<!-- Generated by org.testng.reporters.JUnitReportReporter -->
<testsuite skipped="0" hostname="LAPTOP-IAQHS7UT" name="com.WebstaurantStore.Tests.TestBase" tests="1" failures="0" timestamp="05 Jul 2023 17:51:39 GMT" time="3.690" errors="0">
  <testcase name="init" time="3.690" classname="com.WebstaurantStore.Tests.TestBase"/>
</testsuite> <!-- com.WebstaurantStore.Tests.TestBase -->
