<?xml version="1.0" encoding="UTF-8"?>
<!-- Generated by org.testng.reporters.JUnitReportReporter -->
<testsuite skipped="0" hostname="LAPTOP-IAQHS7UT" name="com.WebstaurantStore.Tests.HomePageTest" tests="1" failures="0" timestamp="09 Jul 2023 17:29:25 GMT" time="3.668" errors="0">
  <testcase name="verifyHomePageAndSearchProduct" time="3.668" classname="com.WebstaurantStore.Tests.HomePageTest"/>
</testsuite> <!-- com.WebstaurantStore.Tests.HomePageTest -->
