<?xml version="1.0" encoding="UTF-8"?>
<!-- Generated by org.testng.reporters.JUnitReportReporter -->
<testsuite skipped="0" hostname="LAPTOP-IAQHS7UT" name="com.WebstaurantStore.Tests.SearchResultTest" tests="1" failures="0" timestamp="08 Jul 2023 07:34:15 GMT" time="20.257" errors="0">
  <testcase name="verifySearchAndAddToCart" time="20.257" classname="com.WebstaurantStore.Tests.SearchResultTest"/>
</testsuite> <!-- com.WebstaurantStore.Tests.SearchResultTest -->
