<?xml version="1.0" encoding="UTF-8"?>
<!-- Generated by org.testng.reporters.JUnitReportReporter -->
<testsuite skipped="0" hostname="LAPTOP-IAQHS7UT" name="com.WebstaurantStore.Tests.HomePageTest" tests="1" failures="0" timestamp="08 Jul 2023 07:34:15 GMT" time="1.608" errors="0">
  <testcase name="verifyHomePageAndSearchProduct" time="1.608" classname="com.WebstaurantStore.Tests.HomePageTest"/>
</testsuite> <!-- com.WebstaurantStore.Tests.HomePageTest -->
