<?xml version="1.0" encoding="UTF-8"?>
<!-- Generated by org.testng.reporters.JUnitReportReporter -->
<testsuite skipped="0" hostname="LAPTOP-IAQHS7UT" name="com.WebstaurantStore.Tests.SearchResultTest" tests="2" failures="0" timestamp="09 Jul 2023 17:29:25 GMT" time="41.775" errors="0">
  <testcase name="verifySearchAndProductTitle" time="38.534" classname="com.WebstaurantStore.Tests.SearchResultTest"/>
  <testcase name="verifyProductAddedToCart" time="3.241" classname="com.WebstaurantStore.Tests.SearchResultTest"/>
</testsuite> <!-- com.WebstaurantStore.Tests.SearchResultTest -->
